[2022-02-14 11:50:20.979] [exthost] [info] Extension host with pid 918 started
[2022-02-14 11:50:21.008] [exthost] [info] Skipping acquiring lock for /home/tony/.config/VSCodium/User/workspaceStorage/b22080429c8258f0e9f5de7c262fb69d.
[2022-02-14 11:50:21.235] [exthost] [info] ExtensionService#_doActivateExtension vscode.typescript-language-features, startup: false, activationEvent: 'onLanguage:javascript'
[2022-02-14 11:50:21.336] [exthost] [info] ExtensionService#_doActivateExtension vscode.debug-auto-launch, startup: true, activationEvent: '*'
[2022-02-14 11:50:21.396] [exthost] [info] ExtensionService#_doActivateExtension vscode.git-base, startup: true, activationEvent: '*', root cause: vscode.github
[2022-02-14 11:50:21.445] [exthost] [info] ExtensionService#_doActivateExtension asvetliakov.vscode-neovim, startup: true, activationEvent: '*'
[2022-02-14 11:50:21.628] [exthost] [info] ExtensionService#_doActivateExtension GitHub.vscode-pull-request-github, startup: true, activationEvent: '*'
[2022-02-14 11:50:21.895] [exthost] [info] ExtensionService#_doActivateExtension johnpapa.vscode-peacock, startup: true, activationEvent: '*'
[2022-02-14 11:50:22.034] [exthost] [info] ExtensionService#_doActivateExtension LaurentTreguier.vscode-simple-icons, startup: true, activationEvent: '*'
[2022-02-14 11:50:22.150] [exthost] [info] ExtensionService#_doActivateExtension pucelle.vscode-css-navigation, startup: true, activationEvent: '*'
[2022-02-14 11:50:29.740] [exthost] [info] ExtensionService#_doActivateExtension yandeu.five-server, startup: true, activationEvent: '*'
[2022-02-14 11:50:30.628] [exthost] [info] ExtensionService#_doActivateExtension vscode.github-authentication, startup: false, activationEvent: 'onAuthenticationRequest:github'
[2022-02-14 11:50:30.975] [exthost] [info] ExtensionService#_doActivateExtension vscode.git, startup: false, activationEvent: 'api', root cause: GitHub.vscode-pull-request-github
[2022-02-14 11:50:31.229] [exthost] [info] ExtensionService#_doActivateExtension vscode.emmet, startup: false, activationEvent: 'onStartupFinished'
[2022-02-14 11:50:31.384] [exthost] [info] ExtensionService#_doActivateExtension vscode.merge-conflict, startup: false, activationEvent: 'onStartupFinished'
[2022-02-14 11:50:31.493] [exthost] [info] ExtensionService#_doActivateExtension esbenp.prettier-vscode, startup: false, activationEvent: 'onStartupFinished'
[2022-02-14 11:50:35.940] [exthost] [info] ExtensionService#_doActivateExtension formulahendry.code-runner, startup: false, activationEvent: 'onStartupFinished'
[2022-02-14 11:50:43.881] [exthost] [info] extension host terminating: renderer closed the socket
[2022-02-14 11:50:44.005] [exthost] [info] Extension host with pid 918 exiting with code 0
[2022-02-14 11:50:48.749] [exthost] [info] Extension host with pid 1202 started
[2022-02-14 11:50:48.750] [exthost] [info] Skipping acquiring lock for /home/tony/.config/VSCodium/User/workspaceStorage/c121bb3848f7e7e0658a45df23a4ddcd.
[2022-02-14 11:50:48.801] [exthost] [info] ExtensionService#_doActivateExtension vscode.debug-auto-launch, startup: true, activationEvent: '*'
[2022-02-14 11:50:48.805] [exthost] [info] ExtensionService#_doActivateExtension vscode.git-base, startup: true, activationEvent: '*', root cause: vscode.github
[2022-02-14 11:50:48.812] [exthost] [info] ExtensionService#_doActivateExtension asvetliakov.vscode-neovim, startup: true, activationEvent: '*'
[2022-02-14 11:50:48.822] [exthost] [info] ExtensionService#_doActivateExtension GitHub.vscode-pull-request-github, startup: true, activationEvent: '*'
[2022-02-14 11:50:48.834] [exthost] [info] ExtensionService#_doActivateExtension johnpapa.vscode-peacock, startup: true, activationEvent: '*'
[2022-02-14 11:50:48.837] [exthost] [info] ExtensionService#_doActivateExtension LaurentTreguier.vscode-simple-icons, startup: true, activationEvent: '*'
[2022-02-14 11:50:48.840] [exthost] [info] ExtensionService#_doActivateExtension pucelle.vscode-css-navigation, startup: true, activationEvent: '*'
[2022-02-14 11:50:48.871] [exthost] [info] ExtensionService#_doActivateExtension yandeu.five-server, startup: true, activationEvent: '*'
[2022-02-14 11:50:48.925] [exthost] [info] ExtensionService#_doActivateExtension vscode.github-authentication, startup: false, activationEvent: 'onAuthenticationRequest:github'
[2022-02-14 11:50:48.977] [exthost] [info] ExtensionService#_doActivateExtension vscode.git, startup: false, activationEvent: 'api', root cause: GitHub.vscode-pull-request-github
[2022-02-14 11:50:51.724] [exthost] [info] ExtensionService#_doActivateExtension vscode.github, startup: true, activationEvent: '*'
[2022-02-14 11:50:52.196] [exthost] [info] Eager extensions activated
[2022-02-14 11:50:52.259] [exthost] [info] ExtensionService#_doActivateExtension vscode.emmet, startup: false, activationEvent: 'onStartupFinished'
[2022-02-14 11:50:52.527] [exthost] [info] ExtensionService#_doActivateExtension vscode.merge-conflict, startup: false, activationEvent: 'onStartupFinished'
[2022-02-14 11:50:52.574] [exthost] [info] ExtensionService#_doActivateExtension esbenp.prettier-vscode, startup: false, activationEvent: 'onStartupFinished'
[2022-02-14 11:50:53.291] [exthost] [info] ExtensionService#_doActivateExtension formulahendry.code-runner, startup: false, activationEvent: 'onStartupFinished'
[2022-02-14 12:07:12.406] [exthost] [info] extension host terminating: renderer closed the socket
[2022-02-14 12:07:12.449] [exthost] [info] Extension host with pid 1202 exiting with code 0
