[2022-02-14 12:17:01.055] [exthost] [info] Extension host with pid 2844 started
[2022-02-14 12:17:01.055] [exthost] [info] Skipping acquiring lock for /home/tony/.config/VSCodium/User/workspaceStorage/c121bb3848f7e7e0658a45df23a4ddcd.
[2022-02-14 12:17:01.221] [exthost] [info] ExtensionService#_doActivateExtension vscode.debug-auto-launch, startup: true, activationEvent: '*'
[2022-02-14 12:17:01.225] [exthost] [info] ExtensionService#_doActivateExtension vscode.git-base, startup: true, activationEvent: '*', root cause: vscode.github
[2022-02-14 12:17:01.227] [exthost] [info] ExtensionService#_doActivateExtension asvetliakov.vscode-neovim, startup: true, activationEvent: '*'
[2022-02-14 12:17:01.245] [exthost] [info] ExtensionService#_doActivateExtension GitHub.vscode-pull-request-github, startup: true, activationEvent: '*'
[2022-02-14 12:17:01.262] [exthost] [info] ExtensionService#_doActivateExtension johnpapa.vscode-peacock, startup: true, activationEvent: '*'
[2022-02-14 12:17:01.276] [exthost] [info] ExtensionService#_doActivateExtension LaurentTreguier.vscode-simple-icons, startup: true, activationEvent: '*'
[2022-02-14 12:17:01.283] [exthost] [info] ExtensionService#_doActivateExtension pucelle.vscode-css-navigation, startup: true, activationEvent: '*'
[2022-02-14 12:17:01.343] [exthost] [info] ExtensionService#_doActivateExtension yandeu.five-server, startup: true, activationEvent: '*'
[2022-02-14 12:17:01.387] [exthost] [info] ExtensionService#_doActivateExtension vscode.github-authentication, startup: false, activationEvent: 'onAuthenticationRequest:github'
[2022-02-14 12:17:02.262] [exthost] [info] ExtensionService#_doActivateExtension vscode.git, startup: false, activationEvent: 'api', root cause: GitHub.vscode-pull-request-github
[2022-02-14 12:17:02.702] [exthost] [info] ExtensionService#_doActivateExtension vscode.github, startup: true, activationEvent: '*'
[2022-02-14 12:17:03.076] [exthost] [info] Eager extensions activated
[2022-02-14 12:17:03.142] [exthost] [info] ExtensionService#_doActivateExtension vscode.emmet, startup: false, activationEvent: 'onStartupFinished'
[2022-02-14 12:17:03.253] [exthost] [info] ExtensionService#_doActivateExtension vscode.merge-conflict, startup: false, activationEvent: 'onStartupFinished'
[2022-02-14 12:17:03.284] [exthost] [info] ExtensionService#_doActivateExtension esbenp.prettier-vscode, startup: false, activationEvent: 'onStartupFinished'
[2022-02-14 12:17:03.908] [exthost] [info] ExtensionService#_doActivateExtension formulahendry.code-runner, startup: false, activationEvent: 'onStartupFinished'
[2022-02-14 12:17:11.494] [exthost] [info] ExtensionService#_doActivateExtension vscode.html-language-features, startup: false, activationEvent: 'onLanguage:html'
[2022-02-14 12:17:49.068] [exthost] [info] extension host terminating: renderer closed the socket
[2022-02-14 12:17:49.079] [exthost] [info] Extension host with pid 2844 exiting with code 0
