[2022-02-13 11:43:19.294] [exthost] [info] Extension host with pid 1671 started
[2022-02-13 11:43:19.295] [exthost] [info] Skipping acquiring lock for /home/tony/.config/VSCodium/User/workspaceStorage/89f01e706d2bfadd3e323fb8302b0f86.
[2022-02-13 11:43:19.311] [exthost] [info] ExtensionService#_doActivateExtension vscode.typescript-language-features, startup: false, activationEvent: 'onLanguage:javascript'
[2022-02-13 11:43:19.362] [exthost] [info] ExtensionService#_doActivateExtension vscode.debug-auto-launch, startup: true, activationEvent: '*'
[2022-02-13 11:43:19.385] [exthost] [info] ExtensionService#_doActivateExtension vscode.git-base, startup: true, activationEvent: '*', root cause: vscode.github
[2022-02-13 11:43:19.424] [exthost] [info] ExtensionService#_doActivateExtension asvetliakov.vscode-neovim, startup: true, activationEvent: '*'
[2022-02-13 11:43:19.907] [exthost] [info] ExtensionService#_doActivateExtension GitHub.vscode-pull-request-github, startup: true, activationEvent: '*'
[2022-02-13 11:43:20.116] [exthost] [info] ExtensionService#_doActivateExtension johnpapa.vscode-peacock, startup: true, activationEvent: '*'
[2022-02-13 11:43:20.221] [exthost] [info] ExtensionService#_doActivateExtension LaurentTreguier.vscode-simple-icons, startup: true, activationEvent: '*'
[2022-02-13 11:43:20.289] [exthost] [info] ExtensionService#_doActivateExtension pucelle.vscode-css-navigation, startup: true, activationEvent: '*'
[2022-02-13 11:43:25.086] [exthost] [info] ExtensionService#_doActivateExtension yandeu.five-server, startup: true, activationEvent: '*'
[2022-02-13 11:43:25.599] [exthost] [info] ExtensionService#_doActivateExtension vscode.npm, startup: true, activationEvent: 'workspaceContains:package.json'
[2022-02-13 11:43:25.871] [exthost] [info] ExtensionService#_doActivateExtension vscode.github-authentication, startup: false, activationEvent: 'onAuthenticationRequest:github'
[2022-02-13 11:43:26.480] [exthost] [info] ExtensionService#_doActivateExtension vscode.git, startup: false, activationEvent: 'api', root cause: GitHub.vscode-pull-request-github
[2022-02-13 11:43:29.310] [exthost] [info] ExtensionService#_doActivateExtension vscode.emmet, startup: false, activationEvent: 'onStartupFinished'
[2022-02-13 11:43:29.443] [exthost] [info] ExtensionService#_doActivateExtension vscode.merge-conflict, startup: false, activationEvent: 'onStartupFinished'
[2022-02-13 11:43:29.585] [exthost] [info] ExtensionService#_doActivateExtension esbenp.prettier-vscode, startup: false, activationEvent: 'onStartupFinished'
[2022-02-13 11:43:31.944] [exthost] [info] ExtensionService#_doActivateExtension formulahendry.code-runner, startup: false, activationEvent: 'onStartupFinished'
[2022-02-13 11:43:37.124] [exthost] [info] ExtensionService#_doActivateExtension vscode.github, startup: true, activationEvent: '*'
[2022-02-13 11:43:37.167] [exthost] [info] Eager extensions activated
[2022-02-13 11:51:10.057] [exthost] [info] extension host terminating: renderer closed the socket
[2022-02-13 11:51:10.098] [exthost] [info] Extension host with pid 1671 exiting with code 0
