[2022-02-13T21:00:56.236Z] Validating found git in: git
[2022-02-13T21:00:56.503Z] Using git 2.35.1 from git
[2022-02-13T21:00:56.808Z] > git rev-parse --git-dir [26ms]
[2022-02-13T21:00:56.821Z] Open repository: /home/tony/OneDrive - Instituto Politecnico Nacional/Documents/Programming/Platzi/HTML y CSS práctico/practicas
[2022-02-13T21:00:56.950Z] > git symbolic-ref --short HEAD [13ms]
[2022-02-13T21:00:57.109Z] > git for-each-ref --format=%(refname)%00%(upstream:short)%00%(objectname)%00%(upstream:track) refs/heads/main refs/remotes/main [145ms]
[2022-02-13T21:00:57.171Z] > git for-each-ref --sort -committerdate --format %(refname) %(objectname) %(*objectname) [53ms]
[2022-02-13T21:00:57.172Z] > git remote --verbose [23ms]
[2022-02-13T21:00:57.466Z] > git config --get commit.template [276ms]
[2022-02-13T21:00:58.378Z] > git ls-files --stage -- /home/tony/OneDrive - Instituto Politecnico Nacional/Documents/Programming/Platzi/HTML y CSS práctico/practicas/index.html [714ms]
[2022-02-13T21:00:58.383Z] > git config --local branch.main.github-pr-owner-number [1121ms]
[2022-02-13T21:00:58.389Z] > git cat-file -s 08e107624307cf893dd9be9eda2ccb1f38235ac7 [7ms]
[2022-02-13T21:00:58.446Z] > git config --local branch.main.github-pr-owner-number [4ms]
[2022-02-13T21:02:05.506Z] > git symbolic-ref --short HEAD [323ms]
[2022-02-13T21:02:06.848Z] > git for-each-ref --format=%(refname)%00%(upstream:short)%00%(objectname)%00%(upstream:track) refs/heads/main refs/remotes/main [1159ms]
[2022-02-13T21:02:07.400Z] > git remote --verbose [305ms]
[2022-02-13T21:02:08.357Z] > git for-each-ref --sort -committerdate --format %(refname) %(objectname) %(*objectname) [1333ms]
[2022-02-13T21:02:08.859Z] > git config --get commit.template [169ms]
[2022-02-13T21:02:31.265Z] > git symbolic-ref --short HEAD [328ms]
[2022-02-13T21:02:32.097Z] > git for-each-ref --format=%(refname)%00%(upstream:short)%00%(objectname)%00%(upstream:track) refs/heads/main refs/remotes/main [707ms]
[2022-02-13T21:02:32.536Z] > git remote --verbose [249ms]
[2022-02-13T21:02:33.204Z] > git for-each-ref --sort -committerdate --format %(refname) %(objectname) %(*objectname) [967ms]
[2022-02-13T21:02:33.918Z] > git config --get commit.template [408ms]
[2022-02-13T21:03:17.203Z] > git symbolic-ref --short HEAD [6ms]
[2022-02-13T21:03:17.217Z] > git for-each-ref --format=%(refname)%00%(upstream:short)%00%(objectname)%00%(upstream:track) refs/heads/main refs/remotes/main [6ms]
[2022-02-13T21:03:17.229Z] > git for-each-ref --sort -committerdate --format %(refname) %(objectname) %(*objectname) [6ms]
[2022-02-13T21:03:17.230Z] > git remote --verbose [2ms]
[2022-02-13T21:03:17.237Z] > git config --get commit.template [1ms]
